C:\CYGWIN\HOME\SAMI_LOCAL\SGOINGSSUMMER11\AVIDA-2.12.2-SRC_WORKINGCOPY\RELEASE\AVIDA.EXE
C:\CYGWIN\HOME\SAMI_LOCAL\SGOINGSSUMMER11\AVIDA-2.12.2-SRC_WORKINGCOPY\RELEASE\AVIDA.EXE.INTERMEDIATE.MANIFEST
C:\CYGWIN\HOME\SAMI_LOCAL\SGOINGSSUMMER11\AVIDA-2.12.2-SRC_WORKINGCOPY\RELEASE\AVIDA.OBJ
C:\CYGWIN\HOME\SAMI_LOCAL\SGOINGSSUMMER11\AVIDA-2.12.2-SRC_WORKINGCOPY\RELEASE\AVIDATOOLS.OBJ
C:\CYGWIN\HOME\SAMI_LOCAL\SGOINGSSUMMER11\AVIDA-2.12.2-SRC_WORKINGCOPY\RELEASE\CACTIONLIBRARY.OBJ
C:\CYGWIN\HOME\SAMI_LOCAL\SGOINGSSUMMER11\AVIDA-2.12.2-SRC_WORKINGCOPY\RELEASE\CANALYZE.OBJ
C:\CYGWIN\HOME\SAMI_LOCAL\SGOINGSSUMMER11\AVIDA-2.12.2-SRC_WORKINGCOPY\RELEASE\CANALYZEGENOTYPE.OBJ
C:\CYGWIN\HOME\SAMI_LOCAL\SGOINGSSUMMER11\AVIDA-2.12.2-SRC_WORKINGCOPY\RELEASE\CANALYZEJOBQUEUE.OBJ
C:\CYGWIN\HOME\SAMI_LOCAL\SGOINGSSUMMER11\AVIDA-2.12.2-SRC_WORKINGCOPY\RELEASE\CANALYZEJOBWORKER.OBJ
C:\CYGWIN\HOME\SAMI_LOCAL\SGOINGSSUMMER11\AVIDA-2.12.2-SRC_WORKINGCOPY\RELEASE\CANALYZESCREEN.OBJ
C:\CYGWIN\HOME\SAMI_LOCAL\SGOINGSSUMMER11\AVIDA-2.12.2-SRC_WORKINGCOPY\RELEASE\CANALYZETREESTATS_CUMULATIVESTEMMINESS.OBJ
C:\CYGWIN\HOME\SAMI_LOCAL\SGOINGSSUMMER11\AVIDA-2.12.2-SRC_WORKINGCOPY\RELEASE\CANALYZETREESTATS_GAMMA.OBJ
C:\CYGWIN\HOME\SAMI_LOCAL\SGOINGSSUMMER11\AVIDA-2.12.2-SRC_WORKINGCOPY\RELEASE\CANALYZEVIEW.OBJ
C:\CYGWIN\HOME\SAMI_LOCAL\SGOINGSSUMMER11\AVIDA-2.12.2-SRC_WORKINGCOPY\RELEASE\CARGCONTAINER.OBJ
C:\CYGWIN\HOME\SAMI_LOCAL\SGOINGSSUMMER11\AVIDA-2.12.2-SRC_WORKINGCOPY\RELEASE\CARGSCHEMA.OBJ
C:\CYGWIN\HOME\SAMI_LOCAL\SGOINGSSUMMER11\AVIDA-2.12.2-SRC_WORKINGCOPY\RELEASE\CAVIDACONFIG.OBJ
C:\CYGWIN\HOME\SAMI_LOCAL\SGOINGSSUMMER11\AVIDA-2.12.2-SRC_WORKINGCOPY\RELEASE\CBARSCREEN.OBJ
C:\CYGWIN\HOME\SAMI_LOCAL\SGOINGSSUMMER11\AVIDA-2.12.2-SRC_WORKINGCOPY\RELEASE\CBGGENOTYPE.OBJ
C:\CYGWIN\HOME\SAMI_LOCAL\SGOINGSSUMMER11\AVIDA-2.12.2-SRC_WORKINGCOPY\RELEASE\CBGGENOTYPEMANAGER.OBJ
C:\CYGWIN\HOME\SAMI_LOCAL\SGOINGSSUMMER11\AVIDA-2.12.2-SRC_WORKINGCOPY\RELEASE\CBIOGROUP.OBJ
C:\CYGWIN\HOME\SAMI_LOCAL\SGOINGSSUMMER11\AVIDA-2.12.2-SRC_WORKINGCOPY\RELEASE\CBIOGROUPLISTENER.OBJ
C:\CYGWIN\HOME\SAMI_LOCAL\SGOINGSSUMMER11\AVIDA-2.12.2-SRC_WORKINGCOPY\RELEASE\CBIOGROUPMANAGER.OBJ
C:\CYGWIN\HOME\SAMI_LOCAL\SGOINGSSUMMER11\AVIDA-2.12.2-SRC_WORKINGCOPY\RELEASE\CBIOUNIT.OBJ
C:\CYGWIN\HOME\SAMI_LOCAL\SGOINGSSUMMER11\AVIDA-2.12.2-SRC_WORKINGCOPY\RELEASE\CBIRTHCHAMBER.OBJ
C:\CYGWIN\HOME\SAMI_LOCAL\SGOINGSSUMMER11\AVIDA-2.12.2-SRC_WORKINGCOPY\RELEASE\CBIRTHDEMEHANDLER.OBJ
C:\CYGWIN\HOME\SAMI_LOCAL\SGOINGSSUMMER11\AVIDA-2.12.2-SRC_WORKINGCOPY\RELEASE\CBIRTHGENOMESIZEHANDLER.OBJ
C:\CYGWIN\HOME\SAMI_LOCAL\SGOINGSSUMMER11\AVIDA-2.12.2-SRC_WORKINGCOPY\RELEASE\CBIRTHGLOBALHANDLER.OBJ
C:\CYGWIN\HOME\SAMI_LOCAL\SGOINGSSUMMER11\AVIDA-2.12.2-SRC_WORKINGCOPY\RELEASE\CBIRTHGRIDLOCALHANDLER.OBJ
C:\CYGWIN\HOME\SAMI_LOCAL\SGOINGSSUMMER11\AVIDA-2.12.2-SRC_WORKINGCOPY\RELEASE\CBIRTHMATESELECTHANDLER.OBJ
C:\CYGWIN\HOME\SAMI_LOCAL\SGOINGSSUMMER11\AVIDA-2.12.2-SRC_WORKINGCOPY\RELEASE\CBIRTHNEIGHBORHOODHANDLER.OBJ
C:\CYGWIN\HOME\SAMI_LOCAL\SGOINGSSUMMER11\AVIDA-2.12.2-SRC_WORKINGCOPY\RELEASE\CBIRTHSELECTIONHANDLER.OBJ
C:\CYGWIN\HOME\SAMI_LOCAL\SGOINGSSUMMER11\AVIDA-2.12.2-SRC_WORKINGCOPY\RELEASE\CBITARRAY.OBJ
C:\CYGWIN\HOME\SAMI_LOCAL\SGOINGSSUMMER11\AVIDA-2.12.2-SRC_WORKINGCOPY\RELEASE\CCHANGELIST.OBJ
C:\CYGWIN\HOME\SAMI_LOCAL\SGOINGSSUMMER11\AVIDA-2.12.2-SRC_WORKINGCOPY\RELEASE\CCLASSIFICATIONMANAGER.OBJ
C:\CYGWIN\HOME\SAMI_LOCAL\SGOINGSSUMMER11\AVIDA-2.12.2-SRC_WORKINGCOPY\RELEASE\CCODELABEL.OBJ
C:\CYGWIN\HOME\SAMI_LOCAL\SGOINGSSUMMER11\AVIDA-2.12.2-SRC_WORKINGCOPY\RELEASE\CCONSTBURSTSCHEDULE.OBJ
C:\CYGWIN\HOME\SAMI_LOCAL\SGOINGSSUMMER11\AVIDA-2.12.2-SRC_WORKINGCOPY\RELEASE\CCONSTSCHEDULE.OBJ
C:\CYGWIN\HOME\SAMI_LOCAL\SGOINGSSUMMER11\AVIDA-2.12.2-SRC_WORKINGCOPY\RELEASE\CCPUMEMORY.OBJ
C:\CYGWIN\HOME\SAMI_LOCAL\SGOINGSSUMMER11\AVIDA-2.12.2-SRC_WORKINGCOPY\RELEASE\CCPUSTACK.OBJ
C:\CYGWIN\HOME\SAMI_LOCAL\SGOINGSSUMMER11\AVIDA-2.12.2-SRC_WORKINGCOPY\RELEASE\CCPUTESTINFO.OBJ
C:\CYGWIN\HOME\SAMI_LOCAL\SGOINGSSUMMER11\AVIDA-2.12.2-SRC_WORKINGCOPY\RELEASE\CDATAFILE.OBJ
C:\CYGWIN\HOME\SAMI_LOCAL\SGOINGSSUMMER11\AVIDA-2.12.2-SRC_WORKINGCOPY\RELEASE\CDATAFILEMANAGER.OBJ
C:\CYGWIN\HOME\SAMI_LOCAL\SGOINGSSUMMER11\AVIDA-2.12.2-SRC_WORKINGCOPY\RELEASE\CDATAMANAGER_BASE.OBJ
C:\CYGWIN\HOME\SAMI_LOCAL\SGOINGSSUMMER11\AVIDA-2.12.2-SRC_WORKINGCOPY\RELEASE\CDEFAULTANALYZEDRIVER.OBJ
C:\CYGWIN\HOME\SAMI_LOCAL\SGOINGSSUMMER11\AVIDA-2.12.2-SRC_WORKINGCOPY\RELEASE\CDEFAULTRUNDRIVER.OBJ
C:\CYGWIN\HOME\SAMI_LOCAL\SGOINGSSUMMER11\AVIDA-2.12.2-SRC_WORKINGCOPY\RELEASE\CDEME.OBJ
C:\CYGWIN\HOME\SAMI_LOCAL\SGOINGSSUMMER11\AVIDA-2.12.2-SRC_WORKINGCOPY\RELEASE\CDEMECELLEVENT.OBJ
C:\CYGWIN\HOME\SAMI_LOCAL\SGOINGSSUMMER11\AVIDA-2.12.2-SRC_WORKINGCOPY\RELEASE\CDEMENETWORK.OBJ
C:\CYGWIN\HOME\SAMI_LOCAL\SGOINGSSUMMER11\AVIDA-2.12.2-SRC_WORKINGCOPY\RELEASE\CDEMEPROBSCHEDULE.OBJ
C:\CYGWIN\HOME\SAMI_LOCAL\SGOINGSSUMMER11\AVIDA-2.12.2-SRC_WORKINGCOPY\RELEASE\CDEMETOPOLOGYNETWORK.OBJ
C:\CYGWIN\HOME\SAMI_LOCAL\SGOINGSSUMMER11\AVIDA-2.12.2-SRC_WORKINGCOPY\RELEASE\CDRIVERMANAGER.OBJ
C:\CYGWIN\HOME\SAMI_LOCAL\SGOINGSSUMMER11\AVIDA-2.12.2-SRC_WORKINGCOPY\RELEASE\CDRIVERSTATUSCONDUIT.OBJ
C:\CYGWIN\HOME\SAMI_LOCAL\SGOINGSSUMMER11\AVIDA-2.12.2-SRC_WORKINGCOPY\RELEASE\CENVIRONMENT.OBJ
C:\CYGWIN\HOME\SAMI_LOCAL\SGOINGSSUMMER11\AVIDA-2.12.2-SRC_WORKINGCOPY\RELEASE\CENVIRONMENTSCREEN.OBJ
C:\CYGWIN\HOME\SAMI_LOCAL\SGOINGSSUMMER11\AVIDA-2.12.2-SRC_WORKINGCOPY\RELEASE\CEVENTLIST.OBJ
C:\CYGWIN\HOME\SAMI_LOCAL\SGOINGSSUMMER11\AVIDA-2.12.2-SRC_WORKINGCOPY\RELEASE\CFALLBACKWORLDDRIVER.OBJ
C:\CYGWIN\HOME\SAMI_LOCAL\SGOINGSSUMMER11\AVIDA-2.12.2-SRC_WORKINGCOPY\RELEASE\CFILE.OBJ
C:\CYGWIN\HOME\SAMI_LOCAL\SGOINGSSUMMER11\AVIDA-2.12.2-SRC_WORKINGCOPY\RELEASE\CGENOME.OBJ
C:\CYGWIN\HOME\SAMI_LOCAL\SGOINGSSUMMER11\AVIDA-2.12.2-SRC_WORKINGCOPY\RELEASE\CGENOMETESTMETRICS.OBJ
C:\CYGWIN\HOME\SAMI_LOCAL\SGOINGSSUMMER11\AVIDA-2.12.2-SRC_WORKINGCOPY\RELEASE\CGENOMEUTIL.OBJ
C:\CYGWIN\HOME\SAMI_LOCAL\SGOINGSSUMMER11\AVIDA-2.12.2-SRC_WORKINGCOPY\RELEASE\CGENOTYPEBATCH.OBJ
C:\CYGWIN\HOME\SAMI_LOCAL\SGOINGSSUMMER11\AVIDA-2.12.2-SRC_WORKINGCOPY\RELEASE\CGENOTYPEDATA.OBJ
C:\CYGWIN\HOME\SAMI_LOCAL\SGOINGSSUMMER11\AVIDA-2.12.2-SRC_WORKINGCOPY\RELEASE\CHARDWAREBASE.OBJ
C:\CYGWIN\HOME\SAMI_LOCAL\SGOINGSSUMMER11\AVIDA-2.12.2-SRC_WORKINGCOPY\RELEASE\CHARDWARECPU.OBJ
C:\CYGWIN\HOME\SAMI_LOCAL\SGOINGSSUMMER11\AVIDA-2.12.2-SRC_WORKINGCOPY\RELEASE\CHARDWAREEXPERIMENTAL.OBJ
C:\CYGWIN\HOME\SAMI_LOCAL\SGOINGSSUMMER11\AVIDA-2.12.2-SRC_WORKINGCOPY\RELEASE\CHARDWAREGX.OBJ
C:\CYGWIN\HOME\SAMI_LOCAL\SGOINGSSUMMER11\AVIDA-2.12.2-SRC_WORKINGCOPY\RELEASE\CHARDWAREMANAGER.OBJ
C:\CYGWIN\HOME\SAMI_LOCAL\SGOINGSSUMMER11\AVIDA-2.12.2-SRC_WORKINGCOPY\RELEASE\CHARDWARESMT.OBJ
C:\CYGWIN\HOME\SAMI_LOCAL\SGOINGSSUMMER11\AVIDA-2.12.2-SRC_WORKINGCOPY\RELEASE\CHARDWARESTATUSPRINTER.OBJ
C:\CYGWIN\HOME\SAMI_LOCAL\SGOINGSSUMMER11\AVIDA-2.12.2-SRC_WORKINGCOPY\RELEASE\CHARDWARETRANSSMT.OBJ
C:\CYGWIN\HOME\SAMI_LOCAL\SGOINGSSUMMER11\AVIDA-2.12.2-SRC_WORKINGCOPY\RELEASE\CHEADCPU.OBJ
C:\CYGWIN\HOME\SAMI_LOCAL\SGOINGSSUMMER11\AVIDA-2.12.2-SRC_WORKINGCOPY\RELEASE\CHELPALIAS.OBJ
C:\CYGWIN\HOME\SAMI_LOCAL\SGOINGSSUMMER11\AVIDA-2.12.2-SRC_WORKINGCOPY\RELEASE\CHELPMANAGER.OBJ
C:\CYGWIN\HOME\SAMI_LOCAL\SGOINGSSUMMER11\AVIDA-2.12.2-SRC_WORKINGCOPY\RELEASE\CHELPTYPE.OBJ
C:\CYGWIN\HOME\SAMI_LOCAL\SGOINGSSUMMER11\AVIDA-2.12.2-SRC_WORKINGCOPY\RELEASE\CHISTOGRAM.OBJ
C:\CYGWIN\HOME\SAMI_LOCAL\SGOINGSSUMMER11\AVIDA-2.12.2-SRC_WORKINGCOPY\RELEASE\CHISTSCREEN.OBJ
C:\CYGWIN\HOME\SAMI_LOCAL\SGOINGSSUMMER11\AVIDA-2.12.2-SRC_WORKINGCOPY\RELEASE\CINITFILE.OBJ
C:\CYGWIN\HOME\SAMI_LOCAL\SGOINGSSUMMER11\AVIDA-2.12.2-SRC_WORKINGCOPY\RELEASE\CINSTRUCTION.OBJ
C:\CYGWIN\HOME\SAMI_LOCAL\SGOINGSSUMMER11\AVIDA-2.12.2-SRC_WORKINGCOPY\RELEASE\CINSTSET.OBJ
C:\CYGWIN\HOME\SAMI_LOCAL\SGOINGSSUMMER11\AVIDA-2.12.2-SRC_WORKINGCOPY\RELEASE\CINTEGRATEDSCHEDULE.OBJ
C:\CYGWIN\HOME\SAMI_LOCAL\SGOINGSSUMMER11\AVIDA-2.12.2-SRC_WORKINGCOPY\RELEASE\CINTEGRATEDSCHEDULENODE.OBJ
C:\CYGWIN\HOME\SAMI_LOCAL\SGOINGSSUMMER11\AVIDA-2.12.2-SRC_WORKINGCOPY\RELEASE\CINTSUM.OBJ
C:\cygwin\home\sami_local\sgoingsSummer11\avida-2.12.2-src_workingcopy\Release\cl.command.1.tlog
C:\cygwin\home\sami_local\sgoingsSummer11\avida-2.12.2-src_workingcopy\Release\CL.read.1.tlog
C:\cygwin\home\sami_local\sgoingsSummer11\avida-2.12.2-src_workingcopy\Release\CL.write.1.tlog
C:\CYGWIN\HOME\SAMI_LOCAL\SGOINGSSUMMER11\AVIDA-2.12.2-SRC_WORKINGCOPY\RELEASE\CLANDSCAPE.OBJ
C:\CYGWIN\HOME\SAMI_LOCAL\SGOINGSSUMMER11\AVIDA-2.12.2-SRC_WORKINGCOPY\RELEASE\CMAPSCREEN.OBJ
C:\CYGWIN\HOME\SAMI_LOCAL\SGOINGSSUMMER11\AVIDA-2.12.2-SRC_WORKINGCOPY\RELEASE\CMENUWINDOW.OBJ
C:\CYGWIN\HOME\SAMI_LOCAL\SGOINGSSUMMER11\AVIDA-2.12.2-SRC_WORKINGCOPY\RELEASE\CMERIT.OBJ
C:\CYGWIN\HOME\SAMI_LOCAL\SGOINGSSUMMER11\AVIDA-2.12.2-SRC_WORKINGCOPY\RELEASE\CMODULARITYANALYSIS.OBJ
C:\CYGWIN\HOME\SAMI_LOCAL\SGOINGSSUMMER11\AVIDA-2.12.2-SRC_WORKINGCOPY\RELEASE\CMUTATIONALNEIGHBORHOOD.OBJ
C:\CYGWIN\HOME\SAMI_LOCAL\SGOINGSSUMMER11\AVIDA-2.12.2-SRC_WORKINGCOPY\RELEASE\CMUTATIONRATES.OBJ
C:\CYGWIN\HOME\SAMI_LOCAL\SGOINGSSUMMER11\AVIDA-2.12.2-SRC_WORKINGCOPY\RELEASE\CMUTATIONSTEPS.OBJ
C:\CYGWIN\HOME\SAMI_LOCAL\SGOINGSSUMMER11\AVIDA-2.12.2-SRC_WORKINGCOPY\RELEASE\COPTIONSSCREEN.OBJ
C:\CYGWIN\HOME\SAMI_LOCAL\SGOINGSSUMMER11\AVIDA-2.12.2-SRC_WORKINGCOPY\RELEASE\CORGANISM.OBJ
C:\CYGWIN\HOME\SAMI_LOCAL\SGOINGSSUMMER11\AVIDA-2.12.2-SRC_WORKINGCOPY\RELEASE\CORGMESSAGE.OBJ
C:\CYGWIN\HOME\SAMI_LOCAL\SGOINGSSUMMER11\AVIDA-2.12.2-SRC_WORKINGCOPY\RELEASE\CPARASITE.OBJ
C:\CYGWIN\HOME\SAMI_LOCAL\SGOINGSSUMMER11\AVIDA-2.12.2-SRC_WORKINGCOPY\RELEASE\CPHENOTYPE.OBJ
C:\CYGWIN\HOME\SAMI_LOCAL\SGOINGSSUMMER11\AVIDA-2.12.2-SRC_WORKINGCOPY\RELEASE\CPHENPLASTGENOTYPE.OBJ
C:\CYGWIN\HOME\SAMI_LOCAL\SGOINGSSUMMER11\AVIDA-2.12.2-SRC_WORKINGCOPY\RELEASE\CPHENPLASTUTIL.OBJ
C:\CYGWIN\HOME\SAMI_LOCAL\SGOINGSSUMMER11\AVIDA-2.12.2-SRC_WORKINGCOPY\RELEASE\CPLASTICPHENOTYPE.OBJ
C:\CYGWIN\HOME\SAMI_LOCAL\SGOINGSSUMMER11\AVIDA-2.12.2-SRC_WORKINGCOPY\RELEASE\CPOPULATION.OBJ
C:\CYGWIN\HOME\SAMI_LOCAL\SGOINGSSUMMER11\AVIDA-2.12.2-SRC_WORKINGCOPY\RELEASE\CPOPULATIONCELL.OBJ
C:\CYGWIN\HOME\SAMI_LOCAL\SGOINGSSUMMER11\AVIDA-2.12.2-SRC_WORKINGCOPY\RELEASE\CPOPULATIONINTERFACE.OBJ
C:\CYGWIN\HOME\SAMI_LOCAL\SGOINGSSUMMER11\AVIDA-2.12.2-SRC_WORKINGCOPY\RELEASE\CPROBDEMEPROBSCHEDULE.OBJ
C:\CYGWIN\HOME\SAMI_LOCAL\SGOINGSSUMMER11\AVIDA-2.12.2-SRC_WORKINGCOPY\RELEASE\CPROBSCHEDULE.OBJ
C:\CYGWIN\HOME\SAMI_LOCAL\SGOINGSSUMMER11\AVIDA-2.12.2-SRC_WORKINGCOPY\RELEASE\CRANDOM.OBJ
C:\CYGWIN\HOME\SAMI_LOCAL\SGOINGSSUMMER11\AVIDA-2.12.2-SRC_WORKINGCOPY\RELEASE\CREACTION.OBJ
C:\CYGWIN\HOME\SAMI_LOCAL\SGOINGSSUMMER11\AVIDA-2.12.2-SRC_WORKINGCOPY\RELEASE\CREACTIONLIB.OBJ
C:\CYGWIN\HOME\SAMI_LOCAL\SGOINGSSUMMER11\AVIDA-2.12.2-SRC_WORKINGCOPY\RELEASE\CREACTIONRESULT.OBJ
C:\CYGWIN\HOME\SAMI_LOCAL\SGOINGSSUMMER11\AVIDA-2.12.2-SRC_WORKINGCOPY\RELEASE\CRESOURCE.OBJ
C:\CYGWIN\HOME\SAMI_LOCAL\SGOINGSSUMMER11\AVIDA-2.12.2-SRC_WORKINGCOPY\RELEASE\CRESOURCECOUNT.OBJ
C:\CYGWIN\HOME\SAMI_LOCAL\SGOINGSSUMMER11\AVIDA-2.12.2-SRC_WORKINGCOPY\RELEASE\CRESOURCEHISTORY.OBJ
C:\CYGWIN\HOME\SAMI_LOCAL\SGOINGSSUMMER11\AVIDA-2.12.2-SRC_WORKINGCOPY\RELEASE\CRESOURCELIB.OBJ
C:\CYGWIN\HOME\SAMI_LOCAL\SGOINGSSUMMER11\AVIDA-2.12.2-SRC_WORKINGCOPY\RELEASE\CRUNNINGAVERAGE.OBJ
C:\CYGWIN\HOME\SAMI_LOCAL\SGOINGSSUMMER11\AVIDA-2.12.2-SRC_WORKINGCOPY\RELEASE\CSCHEDULE.OBJ
C:\CYGWIN\HOME\SAMI_LOCAL\SGOINGSSUMMER11\AVIDA-2.12.2-SRC_WORKINGCOPY\RELEASE\CSEQUENCE.OBJ
C:\CYGWIN\HOME\SAMI_LOCAL\SGOINGSSUMMER11\AVIDA-2.12.2-SRC_WORKINGCOPY\RELEASE\CSEXUALANCESTRY.OBJ
C:\CYGWIN\HOME\SAMI_LOCAL\SGOINGSSUMMER11\AVIDA-2.12.2-SRC_WORKINGCOPY\RELEASE\CSPATIALCOUNTELEM.OBJ
C:\CYGWIN\HOME\SAMI_LOCAL\SGOINGSSUMMER11\AVIDA-2.12.2-SRC_WORKINGCOPY\RELEASE\CSPATIALRESCOUNT.OBJ
C:\CYGWIN\HOME\SAMI_LOCAL\SGOINGSSUMMER11\AVIDA-2.12.2-SRC_WORKINGCOPY\RELEASE\CSTATS.OBJ
C:\CYGWIN\HOME\SAMI_LOCAL\SGOINGSSUMMER11\AVIDA-2.12.2-SRC_WORKINGCOPY\RELEASE\CSTATSSCREEN.OBJ
C:\CYGWIN\HOME\SAMI_LOCAL\SGOINGSSUMMER11\AVIDA-2.12.2-SRC_WORKINGCOPY\RELEASE\CSTRING.OBJ
C:\CYGWIN\HOME\SAMI_LOCAL\SGOINGSSUMMER11\AVIDA-2.12.2-SRC_WORKINGCOPY\RELEASE\CSTRINGITERATOR.OBJ
C:\CYGWIN\HOME\SAMI_LOCAL\SGOINGSSUMMER11\AVIDA-2.12.2-SRC_WORKINGCOPY\RELEASE\CSTRINGLIST.OBJ
C:\CYGWIN\HOME\SAMI_LOCAL\SGOINGSSUMMER11\AVIDA-2.12.2-SRC_WORKINGCOPY\RELEASE\CSTRINGUTIL.OBJ
C:\CYGWIN\HOME\SAMI_LOCAL\SGOINGSSUMMER11\AVIDA-2.12.2-SRC_WORKINGCOPY\RELEASE\CSYMBOLUTIL.OBJ
C:\CYGWIN\HOME\SAMI_LOCAL\SGOINGSSUMMER11\AVIDA-2.12.2-SRC_WORKINGCOPY\RELEASE\CTASKLIB.OBJ
C:\CYGWIN\HOME\SAMI_LOCAL\SGOINGSSUMMER11\AVIDA-2.12.2-SRC_WORKINGCOPY\RELEASE\CTESTCPU.OBJ
C:\CYGWIN\HOME\SAMI_LOCAL\SGOINGSSUMMER11\AVIDA-2.12.2-SRC_WORKINGCOPY\RELEASE\CTESTCPUINTERFACE.OBJ
C:\CYGWIN\HOME\SAMI_LOCAL\SGOINGSSUMMER11\AVIDA-2.12.2-SRC_WORKINGCOPY\RELEASE\CTEXTVIEWERANALYZEDRIVER.OBJ
C:\CYGWIN\HOME\SAMI_LOCAL\SGOINGSSUMMER11\AVIDA-2.12.2-SRC_WORKINGCOPY\RELEASE\CTEXTVIEWERDRIVER.OBJ
C:\CYGWIN\HOME\SAMI_LOCAL\SGOINGSSUMMER11\AVIDA-2.12.2-SRC_WORKINGCOPY\RELEASE\CTEXTVIEWERDRIVER_BASE.OBJ
C:\CYGWIN\HOME\SAMI_LOCAL\SGOINGSSUMMER11\AVIDA-2.12.2-SRC_WORKINGCOPY\RELEASE\CTEXTWINDOW.OBJ
C:\CYGWIN\HOME\SAMI_LOCAL\SGOINGSSUMMER11\AVIDA-2.12.2-SRC_WORKINGCOPY\RELEASE\CTHREAD1.OBJ
C:\CYGWIN\HOME\SAMI_LOCAL\SGOINGSSUMMER11\AVIDA-2.12.2-SRC_WORKINGCOPY\RELEASE\CVIEW.OBJ
C:\CYGWIN\HOME\SAMI_LOCAL\SGOINGSSUMMER11\AVIDA-2.12.2-SRC_WORKINGCOPY\RELEASE\CVIEWINFO.OBJ
C:\CYGWIN\HOME\SAMI_LOCAL\SGOINGSSUMMER11\AVIDA-2.12.2-SRC_WORKINGCOPY\RELEASE\CWEIGHTEDINDEX.OBJ
C:\CYGWIN\HOME\SAMI_LOCAL\SGOINGSSUMMER11\AVIDA-2.12.2-SRC_WORKINGCOPY\RELEASE\CWORLD.OBJ
C:\CYGWIN\HOME\SAMI_LOCAL\SGOINGSSUMMER11\AVIDA-2.12.2-SRC_WORKINGCOPY\RELEASE\CZOOMSCREEN.OBJ
C:\CYGWIN\HOME\SAMI_LOCAL\SGOINGSSUMMER11\AVIDA-2.12.2-SRC_WORKINGCOPY\RELEASE\DRIVERACTIONS.OBJ
C:\CYGWIN\HOME\SAMI_LOCAL\SGOINGSSUMMER11\AVIDA-2.12.2-SRC_WORKINGCOPY\RELEASE\ENVIRONMENTACTIONS.OBJ
C:\CYGWIN\HOME\SAMI_LOCAL\SGOINGSSUMMER11\AVIDA-2.12.2-SRC_WORKINGCOPY\RELEASE\LANDSCAPEACTIONS.OBJ
C:\cygwin\home\sami_local\sgoingsSummer11\avida-2.12.2-src_workingcopy\Release\link.command.1.tlog
C:\cygwin\home\sami_local\sgoingsSummer11\avida-2.12.2-src_workingcopy\Release\link.read.1.tlog
C:\cygwin\home\sami_local\sgoingsSummer11\avida-2.12.2-src_workingcopy\Release\link.write.1.tlog
C:\cygwin\home\sami_local\sgoingsSummer11\avida-2.12.2-src_workingcopy\Release\mt.command.1.tlog
C:\cygwin\home\sami_local\sgoingsSummer11\avida-2.12.2-src_workingcopy\Release\mt.read.1.tlog
C:\cygwin\home\sami_local\sgoingsSummer11\avida-2.12.2-src_workingcopy\Release\mt.write.1.tlog
C:\CYGWIN\HOME\SAMI_LOCAL\SGOINGSSUMMER11\AVIDA-2.12.2-SRC_WORKINGCOPY\RELEASE\PLATFORM.OBJ
C:\CYGWIN\HOME\SAMI_LOCAL\SGOINGSSUMMER11\AVIDA-2.12.2-SRC_WORKINGCOPY\RELEASE\POPULATIONACTIONS.OBJ
C:\CYGWIN\HOME\SAMI_LOCAL\SGOINGSSUMMER11\AVIDA-2.12.2-SRC_WORKINGCOPY\RELEASE\PRINTACTIONS.OBJ
C:\CYGWIN\HOME\SAMI_LOCAL\SGOINGSSUMMER11\AVIDA-2.12.2-SRC_WORKINGCOPY\RELEASE\SAVELOADACTIONS.OBJ
C:\CYGWIN\HOME\SAMI_LOCAL\SGOINGSSUMMER11\AVIDA-2.12.2-SRC_WORKINGCOPY\RELEASE\VC100.PDB
C:\CYGWIN\HOME\SAMI_LOCAL\SGOINGSSUMMER11\AVIDA-2.12.2-SRC_WORKINGCOPY\RELEASE\VIEWER.OBJ
